SF:lib\core\params\ArtObjectRequestParams.dart
DA:5,3
LF:1
LH:1
end_of_record
SF:lib\core\params\CollectionRequestParams.dart
DA:5,2
LF:1
LH:1
end_of_record
SF:lib\core\resources\DataState.dart
DA:7,1
DA:10,0
DA:13,2
LF:3
LH:2
end_of_record
SF:lib\di\AppModule.dart
DA:13,3
DA:16,1
DA:20,3
DA:21,4
DA:23,6
DA:24,6
DA:25,3
DA:26,10
LF:8
LH:8
end_of_record
SF:lib\feature_art_list\domain\model\ArtObject.dart
DA:10,0
LF:1
LH:0
end_of_record
SF:lib\feature_art_list\domain\use_case\ArtUseCases.dart
DA:10,1
LF:1
LH:1
end_of_record
SF:lib\core\config\pref_manager.dart
DA:17,3
DA:19,1
DA:20,1
DA:25,1
DA:26,4
DA:29,0
DA:31,0
DA:34,0
DA:36,0
DA:37,0
DA:41,0
DA:42,0
LF:12
LH:5
end_of_record
SF:lib\feature_art_list\data\repository\AlbumRepositoryImpl.dart
DA:16,1
DA:19,0
DA:23,0
DA:25,0
DA:27,0
DA:28,0
DA:30,0
DA:31,0
DA:32,0
DA:33,0
DA:35,0
DA:36,0
DA:41,1
DA:44,3
DA:46,0
DA:47,0
DA:48,0
DA:49,0
DA:50,0
DA:51,0
DA:52,0
DA:54,0
DA:57,0
DA:58,0
DA:59,0
DA:60,0
DA:62,1
DA:63,1
DA:68,0
DA:71,0
DA:74,0
DA:75,0
DA:77,0
DA:78,0
DA:80,0
DA:83,0
DA:84,0
DA:85,0
DA:86,0
DA:88,0
DA:89,0
LF:41
LH:5
end_of_record
SF:lib\feature_art_list\domain\use_case\GetArtObjectDetail.dart
DA:12,1
DA:15,0
DA:18,0
DA:19,0
LF:4
LH:1
end_of_record
SF:lib\feature_art_list\domain\use_case\GetCollection.dart
DA:11,1
DA:14,0
DA:17,0
DA:18,0
LF:4
LH:1
end_of_record
SF:lib\feature_art_list\domain\use_case\GetThumbnailImage.dart
DA:11,1
DA:14,1
DA:17,4
DA:18,1
LF:4
LH:4
end_of_record
SF:lib\feature_art_list\data\remote\art_api.g.dart
DA:12,1
DA:13,1
DA:21,0
DA:24,0
DA:25,0
DA:26,0
DA:27,0
DA:28,0
DA:29,0
DA:30,0
DA:32,0
DA:33,0
DA:34,0
DA:39,1
DA:42,1
DA:43,1
DA:44,1
DA:45,3
DA:46,2
DA:48,1
DA:49,3
DA:51,2
DA:52,0
DA:53,0
DA:58,0
DA:61,0
DA:62,0
DA:63,0
DA:64,0
DA:65,0
DA:66,0
DA:67,0
DA:68,0
DA:70,0
DA:71,0
DA:72,0
DA:76,1
DA:77,1
DA:78,2
DA:79,2
DA:80,1
DA:81,0
DA:83,1
LF:43
LH:17
end_of_record
SF:lib\feature_art_list\data\remote\dto\ArtObjectDetailResultDto.dart
DA:6,0
DA:8,0
DA:11,0
DA:21,0
DA:22,0
DA:23,0
DA:24,0
DA:27,0
DA:28,0
DA:29,0
DA:30,0
LF:11
LH:0
end_of_record
SF:lib\feature_art_list\data\remote\dto\CollectionDto.dart
DA:9,0
DA:11,0
DA:14,0
DA:28,0
DA:29,0
DA:30,0
DA:31,0
DA:32,0
DA:33,0
DA:36,0
DA:37,0
DA:38,0
DA:39,0
DA:40,0
DA:41,0
DA:46,0
DA:54,0
DA:55,0
DA:56,0
DA:59,0
DA:60,0
DA:61,0
DA:66,0
DA:78,0
DA:79,0
DA:80,0
DA:81,0
DA:82,0
DA:85,0
DA:86,0
DA:87,0
DA:88,0
DA:89,0
DA:94,0
DA:102,0
DA:103,0
DA:104,0
DA:107,0
DA:108,0
DA:109,0
LF:40
LH:0
end_of_record
SF:lib\feature_art_list\data\remote\dto\ImagesDto.dart
DA:7,0
DA:9,0
DA:12,0
DA:18,0
DA:19,0
DA:22,0
DA:23,0
DA:28,0
DA:40,0
DA:41,0
DA:42,0
DA:43,0
DA:44,0
DA:47,0
DA:48,0
DA:49,0
DA:50,0
DA:51,0
DA:56,0
DA:66,0
DA:67,0
DA:68,0
DA:69,0
DA:72,0
DA:73,0
DA:74,0
DA:75,0
LF:27
LH:0
end_of_record
SF:lib\feature_art_list\data\remote\dto\ArtObjectDetailDto.dart
DA:6,0
DA:50,0
DA:51,0
DA:52,0
DA:53,0
DA:54,0
DA:55,0
DA:56,0
DA:57,0
DA:58,0
DA:59,0
DA:60,0
DA:61,0
DA:62,0
DA:63,0
DA:64,0
DA:65,0
DA:66,0
DA:67,0
DA:68,0
DA:69,0
DA:70,0
DA:71,0
DA:72,0
DA:73,0
DA:74,0
DA:75,0
DA:76,0
DA:77,0
DA:78,0
DA:79,0
DA:82,0
DA:83,0
DA:84,0
DA:85,0
DA:86,0
DA:87,0
DA:89,0
DA:90,0
DA:91,0
DA:92,0
DA:93,0
DA:94,0
DA:95,0
DA:96,0
DA:97,0
DA:98,0
DA:99,0
DA:100,0
DA:101,0
DA:102,0
DA:103,0
DA:104,0
DA:105,0
DA:106,0
DA:107,0
DA:108,0
DA:109,0
DA:112,0
DA:113,0
DA:114,0
DA:115,0
DA:116,0
DA:117,0
DA:118,0
DA:122,0
DA:136,0
DA:137,0
DA:138,0
DA:139,0
DA:140,0
DA:141,0
DA:144,0
DA:145,0
DA:146,0
DA:147,0
DA:148,0
DA:149,0
LF:78
LH:0
end_of_record
SF:lib\feature_art_list\data\remote\dto\WebImageDto.dart
DA:2,0
DA:18,0
DA:19,0
DA:20,0
DA:21,0
DA:22,0
DA:23,0
DA:24,0
DA:27,0
DA:28,0
DA:29,0
DA:30,0
DA:31,0
DA:32,0
DA:33,0
LF:15
LH:0
end_of_record
SF:lib\feature_art_list\data\remote\dto\ArtObjectDto.dart
DA:5,0
DA:30,0
DA:31,0
DA:32,0
DA:33,0
DA:34,0
DA:35,0
DA:36,0
DA:37,0
DA:38,0
DA:39,0
DA:40,0
DA:43,0
DA:44,0
DA:45,0
DA:46,0
DA:47,0
DA:48,0
DA:49,0
DA:50,0
DA:51,0
DA:52,0
DA:53,0
DA:56,0
LF:24
LH:0
end_of_record
